<?xml version="1.0" encoding="UTF-8"?>
<!-- Generated by org.testng.reporters.JUnitReportReporter -->
<testsuite hostname="LAPTOP-MEU4I1KE" failures="0" tests="1" name="test.Amazoncart" time="13.780" errors="0" timestamp="2023-12-05T08:16:59 IST" skipped="0">
  <testcase classname="test.Amazoncart" name="test" time="13.780"/>
  <system-out/>
</testsuite> <!-- test.Amazoncart -->
