<?xml version="1.0" encoding="UTF-8"?>
<!-- Generated by org.testng.reporters.JUnitReportReporter -->
<testsuite hostname="LAPTOP-MEU4I1KE" failures="0" tests="1" name="testngpkg.Automationexercise" time="25.455" errors="0" timestamp="2023-11-22T20:16:02 IST" skipped="0">
  <testcase classname="testngpkg.Automationexercise" name="test" time="25.455"/>
  <system-out/>
</testsuite> <!-- testngpkg.Automationexercise -->
