<?xml version="1.0" encoding="UTF-8"?>
<!-- Generated by org.testng.reporters.JUnitReportReporter -->
<testsuite hostname="LAPTOP-MEU4I1KE" failures="0" tests="1" name="testngpkg.Datadriven" time="4.035" errors="0" timestamp="2023-11-26T21:55:42 IST" skipped="0">
  <testcase classname="testngpkg.Datadriven" name="test" time="4.035"/>
  <system-out/>
</testsuite> <!-- testngpkg.Datadriven -->
