<?xml version="1.0" encoding="UTF-8"?>
<!-- Generated by org.testng.reporters.JUnitReportReporter -->
<testsuite hostname="LAPTOP-MEU4I1KE" failures="0" tests="1" name="testngpkg.Fbpgm" time="0.359" errors="0" timestamp="2023-11-20T19:59:52 IST" skipped="0">
  <testcase classname="testngpkg.Fbpgm" name="test" time="0.359"/>
  <system-out/>
</testsuite> <!-- testngpkg.Fbpgm -->
