<?xml version="1.0" encoding="UTF-8"?>
<!-- Generated by org.testng.reporters.JUnitReportReporter -->
<testsuite hostname="LAPTOP-MEU4I1KE" failures="0" tests="1" name="testngpkg.Rediff" time="0.069" errors="0" timestamp="2023-11-20T20:12:15 IST" skipped="0">
  <testcase classname="testngpkg.Rediff" name="test" time="0.069"/>
  <system-out/>
</testsuite> <!-- testngpkg.Rediff -->
