<?xml version="1.0" encoding="UTF-8"?>
<!-- Generated by org.testng.reporters.JUnitReportReporter -->
<testsuite hostname="LAPTOP-MEU4I1KE" failures="0" tests="3" name="testngpkg.Crossbrowsertesting" time="6.158" errors="0" timestamp="2023-11-21T19:57:37 IST" skipped="0">
  <testcase classname="testngpkg.Crossbrowsertesting" name="test" time="1.600"/>
  <system-out/>
  <testcase classname="testngpkg.Crossbrowsertesting" name="test" time="2.994"/>
  <system-out/>
  <testcase classname="testngpkg.Crossbrowsertesting" name="test" time="1.564"/>
  <system-out/>
</testsuite> <!-- testngpkg.Crossbrowsertesting -->
