<?xml version="1.0" encoding="UTF-8"?>
<!-- Generated by org.testng.reporters.JUnitReportReporter -->
<testsuite hostname="LAPTOP-MEU4I1KE" failures="0" tests="1" name="testngpkg.Ebaypgm" time="3.333" errors="0" timestamp="2023-11-21T19:23:44 IST" skipped="0">
  <testcase classname="testngpkg.Ebaypgm" name="test" time="3.333"/>
  <system-out/>
</testsuite> <!-- testngpkg.Ebaypgm -->
