<?xml version="1.0" encoding="UTF-8"?>
<!-- Generated by org.testng.reporters.JUnitReportReporter -->
<testsuite hostname="LAPTOP-MEU4I1KE" failures="0" tests="1" name="test.Fblogintest" time="0.274" errors="0" timestamp="2023-12-07T18:54:07 IST" skipped="0">
  <testcase classname="test.Fblogintest" name="test" time="0.274"/>
  <system-out/>
</testsuite> <!-- test.Fblogintest -->
