<?xml version="1.0" encoding="UTF-8"?>
<!-- Generated by org.testng.reporters.JUnitReportReporter -->
<testsuite hostname="LAPTOP-MEU4I1KE" failures="0" tests="5" name="testngpkg.Groupingpgm" time="0.009" errors="0" timestamp="2023-11-17T19:55:09 IST" skipped="0">
  <testcase classname="testngpkg.Groupingpgm" name="test6" time="0.000"/>
  <system-out/>
  <testcase classname="testngpkg.Groupingpgm" name="test4" time="0.001"/>
  <system-out/>
  <testcase classname="testngpkg.Groupingpgm" name="test1" time="0.006"/>
  <system-out/>
  <testcase classname="testngpkg.Groupingpgm" name="test3" time="0.001"/>
  <system-out/>
  <testcase classname="testngpkg.Groupingpgm" name="test2" time="0.001"/>
  <system-out/>
</testsuite> <!-- testngpkg.Groupingpgm -->
