<?xml version="1.0" encoding="UTF-8"?>
<!-- Generated by org.testng.reporters.JUnitReportReporter -->
<testsuite hostname="LAPTOP-MEU4I1KE" failures="0" tests="1" name="testngpkg.Guru99rightclick" time="0.553" errors="0" timestamp="2023-11-23T21:11:46 IST" skipped="0">
  <testcase classname="testngpkg.Guru99rightclick" name="test" time="0.553"/>
  <system-out/>
</testsuite> <!-- testngpkg.Guru99rightclick -->
