<?xml version="1.0" encoding="UTF-8"?>
<!-- Generated by org.testng.reporters.JUnitReportReporter -->
<testsuite hostname="LAPTOP-MEU4I1KE" failures="0" tests="1" name="testngpkg.Copypaste" time="0.621" errors="0" timestamp="2023-11-20T22:32:26 IST" skipped="0">
  <testcase classname="testngpkg.Copypaste" name="test" time="0.621"/>
  <system-out/>
</testsuite> <!-- testngpkg.Copypaste -->
