<?xml version="1.0" encoding="UTF-8"?>
<!-- Generated by org.testng.reporters.JUnitReportReporter -->
<testsuite hostname="LAPTOP-MEU4I1KE" failures="0" tests="1" name="testngpkg.Windowhandler" time="2.567" errors="0" timestamp="2023-11-27T19:38:17 IST" skipped="0">
  <testcase classname="testngpkg.Windowhandler" name="test" time="2.567"/>
  <system-out/>
</testsuite> <!-- testngpkg.Windowhandler -->
