<?xml version="1.0" encoding="UTF-8"?>
<!-- Generated by org.testng.reporters.JUnitReportReporter -->
<testsuite hostname="LAPTOP-MEU4I1KE" failures="0" tests="1" name="testngpkg.Screenshot_pgm" time="0.514" errors="0" timestamp="2023-11-26T19:28:16 IST" skipped="0">
  <testcase classname="testngpkg.Screenshot_pgm" name="test" time="0.514"/>
  <system-out/>
</testsuite> <!-- testngpkg.Screenshot_pgm -->
