<?xml version="1.0" encoding="UTF-8"?>
<!-- Generated by org.testng.reporters.JUnitReportReporter -->
<testsuite hostname="LAPTOP-MEU4I1KE" failures="0" tests="1" name="testngpkg.Autoitpkg" time="8.234" errors="0" timestamp="2023-11-23T18:56:29 IST" skipped="0">
  <testcase classname="testngpkg.Autoitpkg" name="test" time="8.234"/>
  <system-out/>
</testsuite> <!-- testngpkg.Autoitpkg -->
