<?xml version="1.0" encoding="UTF-8"?>
<!-- Generated by org.testng.reporters.JUnitReportReporter -->
<testsuite hostname="LAPTOP-MEU4I1KE" failures="0" tests="1" name="testngpkg.Justdial" time="2.170" errors="0" timestamp="2023-11-26T19:41:47 IST" skipped="0">
  <testcase classname="testngpkg.Justdial" name="test" time="2.170"/>
  <system-out/>
</testsuite> <!-- testngpkg.Justdial -->
