<?xml version="1.0" encoding="UTF-8"?>
<!-- Generated by org.testng.reporters.JUnitReportReporter -->
<testsuite hostname="LAPTOP-MEU4I1KE" failures="0" tests="1" name="testngpkg.Fileuploadrobotclass" time="0.292" errors="0" timestamp="2023-11-23T17:57:25 IST" skipped="0">
  <testcase classname="testngpkg.Fileuploadrobotclass" name="fileuploadpgm" time="0.292"/>
  <system-out/>
</testsuite> <!-- testngpkg.Fileuploadrobotclass -->
