<?xml version="1.0" encoding="UTF-8"?>
<!-- Generated by org.testng.reporters.JUnitReportReporter -->
<testsuite hostname="LAPTOP-MEU4I1KE" failures="0" tests="1" name="testngpkg.Drag_drop" time="1.576" errors="0" timestamp="2023-11-20T23:22:09 IST" skipped="0">
  <testcase classname="testngpkg.Drag_drop" name="test" time="1.576"/>
  <system-out/>
</testsuite> <!-- testngpkg.Drag_drop -->
