<?xml version="1.0" encoding="UTF-8"?>
<!-- Generated by org.testng.reporters.JUnitReportReporter -->
<testsuite hostname="LAPTOP-MEU4I1KE" failures="0" tests="1" name="testngpkg.Guru99uploadusingsendkeys" time="0.264" errors="0" timestamp="2023-11-22T21:45:37 IST" skipped="0">
  <testcase classname="testngpkg.Guru99uploadusingsendkeys" name="test" time="0.264"/>
  <system-out/>
</testsuite> <!-- testngpkg.Guru99uploadusingsendkeys -->
