<?xml version="1.0" encoding="UTF-8"?>
<!-- Generated by org.testng.reporters.JUnitReportReporter -->
<testsuite hostname="LAPTOP-MEU4I1KE" failures="0" tests="1" name="test.Fbcreatetest" time="2.828" errors="0" timestamp="2023-12-04T21:21:32 IST" skipped="0">
  <testcase classname="test.Fbcreatetest" name="test" time="2.828"/>
  <system-out/>
</testsuite> <!-- test.Fbcreatetest -->
